Log file open, 03/08/24 08:59:06
LogWindows: Failed to load 'aqProf.dll' (GetLastError=126)
LogWindows: File 'aqProf.dll' does not exist
LogWindows: Failed to load 'VSPerf140.dll' (GetLastError=126)
LogWindows: File 'VSPerf140.dll' does not exist
LogWindows: Failed to load 'VtuneApi.dll' (GetLastError=126)
LogWindows: File 'VtuneApi.dll' does not exist
LogWindows: Failed to load 'VtuneApi32e.dll' (GetLastError=126)
LogWindows: File 'VtuneApi32e.dll' does not exist
LogInit: Display: Running engine for game: GameDoidaoTioDabe
LogPlatformFile: Not using cached read wrapper
LogInit: Display: RandInit(221793074) SRandInit(221793074).
LogTaskGraph: Started task graph with 5 named threads and 14 total threads with 3 sets of task threads.
LogStats: Stats thread started at 1.600576
LogD3D11RHI: Aftermath initialized
LogPluginManager: Mounting plugin Paper2D
LogPluginManager: Mounting plugin LightPropagationVolume
LogPluginManager: Mounting plugin CodeLiteSourceCodeAccess
LogPluginManager: Mounting plugin GitSourceControl
LogPluginManager: Mounting plugin KDevelopSourceCodeAccess
LogPluginManager: Mounting plugin NullSourceCodeAccess
LogPluginManager: Mounting plugin PerforceSourceControl
LogPluginManager: Mounting plugin SubversionSourceControl
LogPluginManager: Mounting plugin UObjectPlugin
LogPluginManager: Mounting plugin VisualStudioSourceCodeAccess
LogPluginManager: Mounting plugin XCodeSourceCodeAccess
LogPluginManager: Mounting plugin AssetManagerEditor
LogPluginManager: Mounting plugin AudioCapture
LogPluginManager: Mounting plugin FacialAnimation
LogPluginManager: Mounting plugin GameplayTagsEditor
LogPluginManager: Mounting plugin MobileLauncherProfileWizard
LogPluginManager: Mounting plugin PluginBrowser
LogPluginManager: Mounting plugin SpeedTreeImporter
LogPluginManager: Mounting plugin AlembicImporter
LogPluginManager: Mounting plugin CharacterAI
LogPluginManager: Mounting plugin HTML5Networking
LogPluginManager: Mounting plugin AndroidMedia
LogPluginManager: Mounting plugin AvfMedia
LogPluginManager: Mounting plugin MediaPlayerEditor
LogPluginManager: Mounting plugin WmfMedia
LogPluginManager: Mounting plugin TcpMessaging
LogPluginManager: Mounting plugin UdpMessaging
LogPluginManager: Mounting plugin LevelSequenceEditor
LogPluginManager: Mounting plugin MatineeToLevelSequence
LogPluginManager: Mounting plugin OnlineSubsystemGooglePlay
LogPluginManager: Mounting plugin OnlineSubsystemIOS
LogPluginManager: Mounting plugin OnlineSubsystem
LogPluginManager: Mounting plugin OnlineSubsystemNull
LogPluginManager: Mounting plugin OnlineSubsystemUtils
LogPluginManager: Mounting plugin AndroidDeviceProfileSelector
LogPluginManager: Mounting plugin AndroidMoviePlayer
LogPluginManager: Mounting plugin AndroidPermission
LogPluginManager: Mounting plugin AppleMoviePlayer
LogPluginManager: Mounting plugin ArchVisCharacter
LogPluginManager: Mounting plugin CableComponent
LogPluginManager: Mounting plugin CustomMeshComponent
LogPluginManager: Mounting plugin ExampleDeviceProfileSelector
LogPluginManager: Mounting plugin GoogleCloudMessaging
LogPluginManager: Mounting plugin ImmediatePhysics
LogPluginManager: Mounting plugin IOSDeviceProfileSelector
LogPluginManager: Mounting plugin LinuxDeviceProfileSelector
LogPluginManager: Mounting plugin LocationServicesBPLibrary
LogPluginManager: Mounting plugin MobilePatchingUtils
LogPluginManager: Mounting plugin OculusVR
LogPluginManager: Mounting plugin PhysXVehicles
LogPluginManager: Mounting plugin ProceduralMeshComponent
LogPluginManager: Mounting plugin RuntimePhysXCooking
LogPluginManager: Mounting plugin SteamVR
LogPluginManager: Mounting plugin WindowsMoviePlayer
LogInit: Using libcurl 7.47.1
LogInit:  - built for x86_64-pc-win32
LogInit:  - supports SSL with OpenSSL/1.0.2g
LogInit:  - supports HTTP deflate (compression) using libz 1.2.8
LogInit:  - other features:
LogInit:      CURL_VERSION_SSL
LogInit:      CURL_VERSION_LIBZ
LogInit:      CURL_VERSION_IPV6
LogInit:      CURL_VERSION_ASYNCHDNS
LogInit:      CURL_VERSION_LARGEFILE
LogInit:      CURL_VERSION_IDN
LogInit:  CurlRequestOptions (configurable via config and command line):
LogInit:  - bVerifyPeer = false  - Libcurl will NOT verify peer certificate
LogInit:  - bUseHttpProxy = false  - Libcurl will NOT use HTTP proxy
LogInit:  - bDontReuseConnections = false  - Libcurl will reuse connections
LogInit:  - CertBundlePath = nullptr  - Libcurl will use whatever was configured at build time.
LogInit: Build: ++UE4+Release-4.17-CL-3658906
LogInit: Engine Version: 4.17.2-3658906+++UE4+Release-4.17
LogInit: Compatible Engine Version: 4.17.0-3573198+++UE4+Release-4.17
LogInit: Net CL: 3573198
LogDevObjectVersion: Number of dev versions registered: 16
LogDevObjectVersion:   Dev-Blueprints (B0D832E4-1F89-4F0D-ACCF-7EB736FD4AA2): 10
LogDevObjectVersion:   Dev-Build (E1C64328-A22C-4D53-A36C-8E866417BD8C): 0
LogDevObjectVersion:   Dev-Core (375EC13C-06E4-48FB-B500-84F0262A717E): 2
LogDevObjectVersion:   Dev-Editor (E4B068ED-F494-42E9-A231-DA0B2E46BB41): 20
LogDevObjectVersion:   Dev-Framework (CFFC743F-43B0-4480-9391-14DF171D2073): 28
LogDevObjectVersion:   Dev-Mobile (B02B49B5-BB20-44E9-A304-32B752E40360): 0
LogDevObjectVersion:   Dev-Networking (A4E4105C-59A1-49B5-A7C5-40C4547EDFEE): 0
LogDevObjectVersion:   Dev-Online (39C831C9-5AE6-47DC-9A44-9C173E1C8E7C): 0
LogDevObjectVersion:   Dev-Physics (78F01B33-EBEA-4F98-B9B4-84EACCB95AA2): 0
LogDevObjectVersion:   Dev-Platform (6631380F-2D4D-43E0-8009-CF276956A95A): 0
LogDevObjectVersion:   Dev-Rendering (12F88B9F-8875-4AFC-A67C-D90C383ABD29): 19
LogDevObjectVersion:   Dev-Sequencer (7B5AE74C-D270-4C10-A958-57980B212A5A): 4
LogDevObjectVersion:   Dev-VR (D7296918-1DD6-4BDD-9DE2-64A83CC13884): 0
LogDevObjectVersion:   Dev-LoadTimes (C2A15278-BFE7-4AFE-6C17-90FF531DF755): 1
LogDevObjectVersion:   Private-Geometry (6EACA3D4-40EC-4CC1-B786-8BED09428FC5): 1
LogDevObjectVersion:   Dev-AnimPhys (29E575DD-E0A3-4627-9D10-D276232CDCEA): 7
LogInit: Compiled (64-bit): Sep 22 2017 13:47:16
LogInit: Compiled with Visual C++: 19.00.24215.01
LogInit: Build Configuration: Development
LogInit: Branch Name: ++UE4+Release-4.17
LogInit: Command line: 
LogInit: Base directory: C:/Program Files/Unreal/UE_4.17/Engine/Binaries/Win64/
LogInit: Installed Engine Build: 1
LogInit: Presizing for max 8388607 objects, including 0 objects not considered by GC, pre-allocating 0 bytes for permanent pool.
LogInit: Object subsystem initialized
[2024.03.08-11.59.10:588][  0]LogInit: Selected Device Profile: [Windows]
[2024.03.08-11.59.10:588][  0]LogInit: Applying CVar settings loaded from the selected device profile: [Windows]
[2024.03.08-11.59.10:715][  0]LogInit: Computer: SGSL0103
[2024.03.08-11.59.10:715][  0]LogInit: User: SuperGeeks
[2024.03.08-11.59.10:715][  0]LogInit: CPU Page size=4096, Cores=4
[2024.03.08-11.59.10:715][  0]LogInit: High frequency timer resolution =10.000000 MHz
[2024.03.08-11.59.10:716][  0]LogMemory: Memory total: Physical=7.9GB (8GB approx)
[2024.03.08-11.59.10:716][  0]LogMemory: Platform Memory Stats for Windows
[2024.03.08-11.59.10:716][  0]LogMemory: Process Physical Memory: 278.75 MB used, 278.75 MB peak
[2024.03.08-11.59.10:716][  0]LogMemory: Process Virtual Memory: 280.08 MB used, 280.08 MB peak
[2024.03.08-11.59.10:716][  0]LogMemory: Physical Memory: 6828.29 MB used,  1263.98 MB free, 8092.27 MB total
[2024.03.08-11.59.10:716][  0]LogMemory: Virtual Memory: 4794.20 MB used,  1263.98 MB free, 134217728.00 MB total
[2024.03.08-11.59.13:000][  0]LogInit: Overriding language with editor language configuration option (pt-BR).
[2024.03.08-11.59.13:000][  0]LogInit: Overriding locale with editor locale configuration option (pt-BR).
[2024.03.08-11.59.29:401][  0]LogD3D11RHI: D3D11 adapters:
[2024.03.08-11.59.29:832][  0]LogD3D11RHI:    0. 'AMD Radeon R5 M200 / HD 8500M Series' (Feature Level 11_0)
[2024.03.08-11.59.29:832][  0]LogD3D11RHI:       2039/0/4046 MB DedicatedVideo/DedicatedSystem/SharedSystem, Outputs:1, VendorId:0x1002
[2024.03.08-11.59.29:840][  0]LogD3D11RHI:    1. 'Intel(R) HD Graphics 4600' (Feature Level 11_0)
[2024.03.08-11.59.29:840][  0]LogD3D11RHI:       112/0/2048 MB DedicatedVideo/DedicatedSystem/SharedSystem, Outputs:0, VendorId:0x8086
[2024.03.08-11.59.29:892][  0]LogD3D11RHI:    2. 'Microsoft Basic Render Driver' (Feature Level 11_0)
[2024.03.08-11.59.29:892][  0]LogD3D11RHI:       0/0/4046 MB DedicatedVideo/DedicatedSystem/SharedSystem, Outputs:0, VendorId:0x1414
[2024.03.08-11.59.29:892][  0]LogD3D11RHI: Chosen D3D11 Adapter: 0
[2024.03.08-11.59.29:901][  0]LogD3D11RHI: Creating new Direct3DDevice
[2024.03.08-11.59.29:901][  0]LogD3D11RHI:     GPU DeviceId: 0x6663 (for the marketing name, search the web for "GPU Device Id")
[2024.03.08-11.59.29:901][  0]LogWindows: EnumDisplayDevices:
[2024.03.08-11.59.29:929][  0]LogWindows:    0. 'Intel(R) HD Graphics 4600' (P:1 D:1)
[2024.03.08-11.59.29:930][  0]LogWindows:    1. 'Intel(R) HD Graphics 4600' (P:0 D:0)
[2024.03.08-11.59.29:930][  0]LogWindows: DebugString: GetVideoDriverDetailsInvalid PrimaryIsNotTheChoosenAdapter GetVideoDriverDetailsInvalid PrimaryIsNotTheChoosenAdapter FoundDriverCount:0 
[2024.03.08-11.59.29:930][  0]LogD3D11RHI:     Adapter Name: AMD Radeon R5 M200 / HD 8500M Series
[2024.03.08-11.59.29:930][  0]LogD3D11RHI:   Driver Version: Unknown (internal:Unknown, unified:Unknown)
[2024.03.08-11.59.29:930][  0]LogD3D11RHI:      Driver Date: Unknown
[2024.03.08-11.59.29:930][  0]LogRHI: Texture pool is 1361 MB (70% of 1945 MB)
[2024.03.08-11.59.30:206][  0]LogD3D11RHI: Async texture creation enabled
[2024.03.08-11.59.30:235][  0]LogD3D11RHI: GPU Timing Frequency: 27.000000 (Debug: 2 1)
[2024.03.08-11.59.30:241][  0]LogShaderCompilers: Guid format shader working directory is -28 characters bigger than the processId version (../../../../../../Users/SuperGeeks/Documents/Unreal Projects/GameDoidaoTioDabe/Intermediate/Shaders/WorkingDirectory/10744/).
[2024.03.08-11.59.30:241][  0]LogShaderCompilers: Cleaned the shader compiler working directory 'C:/Users/SuperGeeks/AppData/Local/Temp/UnrealShaderWorkingDir/B75B63A64987EB88FBA6A788A20D8D56/'.
[2024.03.08-11.59.30:241][  0]LogShaderCompilers: Display: Using Local Shader Compiler.
[2024.03.08-11.59.39:378][  0]LogTemp: Display: Loaded TP AllDesktopTargetPlatform
[2024.03.08-11.59.39:586][  0]LogTemp: Display: Loaded TP MacClientTargetPlatform
[2024.03.08-11.59.39:741][  0]LogTemp: Display: Loaded TP MacNoEditorTargetPlatform
[2024.03.08-11.59.39:901][  0]LogTemp: Display: Loaded TP MacServerTargetPlatform
[2024.03.08-11.59.40:088][  0]LogTemp: Display: Loaded TP MacTargetPlatform
[2024.03.08-11.59.40:246][  0]LogTemp: Display: Loaded TP WindowsClientTargetPlatform
[2024.03.08-11.59.40:395][  0]LogTemp: Display: Loaded TP WindowsNoEditorTargetPlatform
[2024.03.08-11.59.40:548][  0]LogTemp: Display: Loaded TP WindowsServerTargetPlatform
[2024.03.08-11.59.40:727][  0]LogTemp: Display: Loaded TP WindowsTargetPlatform
[2024.03.08-11.59.40:979][  0]LogTemp: Display: Loaded TP AndroidTargetPlatform
[2024.03.08-11.59.41:143][  0]LogTemp: Display: Loaded TP Android_ASTCTargetPlatform
[2024.03.08-11.59.41:300][  0]LogTemp: Display: Loaded TP Android_ATCTargetPlatform
[2024.03.08-11.59.41:462][  0]LogTemp: Display: Loaded TP Android_DXTTargetPlatform
[2024.03.08-11.59.41:645][  0]LogTemp: Display: Loaded TP Android_ETC1TargetPlatform
[2024.03.08-11.59.41:807][  0]LogTemp: Display: Loaded TP Android_ETC2TargetPlatform
[2024.03.08-11.59.42:117][  0]LogTemp: Display: Loaded TP Android_MultiTargetPlatform
[2024.03.08-11.59.42:117][  0]LogTemp: Display: Loaded TP Android_PVRTCTargetPlatform
[2024.03.08-11.59.42:286][  0]LogTemp: Display: Loaded TP HTML5TargetPlatform
[2024.03.08-11.59.42:802][  0]LogTemp: Display: Loaded TP IOSTargetPlatform
[2024.03.08-11.59.42:896][  0]LogTemp: Display: Loaded TP TVOSTargetPlatform
[2024.03.08-11.59.43:061][  0]LogTemp: Display: Loaded TP LinuxClientTargetPlatform
[2024.03.08-11.59.43:238][  0]LogTemp: Display: Loaded TP LinuxNoEditorTargetPlatform
[2024.03.08-11.59.43:469][  0]LogTemp: Display: Loaded TP LinuxServerTargetPlatform
[2024.03.08-11.59.43:681][  0]LogTemp: Display: Loaded TP LinuxTargetPlatform
[2024.03.08-11.59.43:681][  0]LogTargetPlatformManager: Display: Building Assets For Windows
[2024.03.08-11.59.46:299][  0]LogDerivedDataCache: Display: Max Cache Size: 512 MB
[2024.03.08-11.59.47:093][  0]LogDerivedDataCache: Loaded boot cache 0.77s 93MB C:/Users/SuperGeeks/AppData/Local/UnrealEngine/4.17/DerivedDataCache/Boot.ddc.
[2024.03.08-11.59.47:093][  0]LogDerivedDataCache: Display: Loaded Boot cache: C:/Users/SuperGeeks/AppData/Local/UnrealEngine/4.17/DerivedDataCache/Boot.ddc
[2024.03.08-11.59.47:093][  0]LogDerivedDataCache: FDerivedDataBackendGraph:  Pak pak cache file ../../../../../../Users/SuperGeeks/Documents/Unreal Projects/GameDoidaoTioDabe/DerivedDataCache/DDC.ddp not found, will not use a pak cache.
[2024.03.08-11.59.47:093][  0]LogDerivedDataCache: Unable to find inner node Pak for hierarchical cache Hierarchy.
[2024.03.08-11.59.47:093][  0]LogDerivedDataCache: FDerivedDataBackendGraph:  CompressedPak pak cache file ../../../../../../Users/SuperGeeks/Documents/Unreal Projects/GameDoidaoTioDabe/DerivedDataCache/Compressed.ddp not found, will not use a pak cache.
[2024.03.08-11.59.47:093][  0]LogDerivedDataCache: Unable to find inner node CompressedPak for hierarchical cache Hierarchy.
[2024.03.08-11.59.47:111][  0]LogDerivedDataCache: Display: Pak cache opened for reading ../../../Engine/DerivedDataCache/Compressed.ddp.
[2024.03.08-11.59.47:125][  0]LogDerivedDataCache: Using Local data cache path C:/Users/SuperGeeks/AppData/Local/UnrealEngine/Common/DerivedDataCache: Writable
[2024.03.08-11.59.47:139][  0]LogMaterial: Verifying Global Shaders for PCD3D_SM5
[2024.03.08-11.59.47:139][  0]LogSlate: Using Freetype 2.6.0
[2024.03.08-11.59.47:177][  0]LogSlate: SlateFontCache - WITH_FREETYPE: 1, WITH_HARFBUZZ: 1
[2024.03.08-11.59.47:177][  0]LogSlate: SlateFontCache - WITH_FREETYPE: 1, WITH_HARFBUZZ: 1
[2024.03.08-11.59.50:715][  0]LogAssetRegistry: FAssetRegistry took 0.0279 seconds to start up
[2024.03.08-11.59.50:952][  0]LogInit: Selected Device Profile: [Windows]
[2024.03.08-11.59.53:397][  0]LogSimplygon: Simplygon DLL not present - disabling.
[2024.03.08-11.59.53:564][  0]LogMeshReduction: Using SimplygonSwarm for distributed automatic mesh merging
[2024.03.08-11.59.53:564][  0]LogMeshReduction: Using QuadricMeshReduction for automatic static mesh reduction
[2024.03.08-11.59.53:564][  0]LogMeshReduction: No automatic skeletal mesh reduction module available
[2024.03.08-11.59.53:564][  0]LogMeshReduction: No automatic mesh merging module available
[2024.03.08-11.59.53:564][  0]LogMeshMerging: No automatic mesh merging module available
[2024.03.08-11.59.53:581][  0]LogContentStreaming: Texture pool size is 0.00 MB
[2024.03.08-11.59.54:225][  0]LogNetVersion: GameDoidaoTioDabe , NetCL: 3573198, EngineNetVer: 2, GameNetVer: 0 (Checksum: 1434724526)
[2024.03.08-11.59.54:877][  0]LogPackageLocalizationCache: Processed 5 localized package path(s) for 2 prioritized culture(s) in 0.211259 seconds
[2024.03.08-11.59.54:886][  0]LogUObjectArray: 35825 objects as part of root set at end of initial load.
[2024.03.08-11.59.54:886][  0]LogUObjectAllocator: 7529112 out of 0 bytes used by permanent object pool.
[2024.03.08-11.59.54:886][  0]LogUObjectArray: CloseDisregardForGC: 0/0 objects in disregard for GC pool
[2024.03.08-11.59.55:183][  0]LogInit: WinSock: version 1.1 (2.2), MaxSocks=32767, MaxUdp=65467
[2024.03.08-12.00.33:935][  0]LogTcpMessaging: Initializing TcpMessaging bridge
[2024.03.08-12.00.34:039][  0]LogUdpMessaging: Initializing bridge on interface 0.0.0.0:0 to multicast group 230.0.0.1:6666.
[2024.03.08-12.00.36:534][  0]LogMaterial: Uniform references updated for custom material expression Custom.
[2024.03.08-12.00.37:833][  0]SourceControl: Controle de origem desativado
[2024.03.08-12.00.37:834][  0]SourceControl: Controle de origem desativado
[2024.03.08-12.00.38:025][  0]SourceControl: Controle de origem desativado
[2024.03.08-12.00.38:252][  0]SourceControl: Controle de origem desativado
[2024.03.08-12.00.40:571][  0]LogAndroidPermission: UAndroidPermissionCallbackProxy::GetInstance
[2024.03.08-12.00.41:301][  0]LogOcInput: OculusInput pre-init called
[2024.03.08-12.00.42:172][  0]LogEngine: Initializing Engine...
[2024.03.08-12.00.42:175][  0]LogHMD: Failed to initialize OpenVR with code 110
[2024.03.08-12.00.42:437][  0]LogStats: UGameplayTagsManager::ConstructGameplayTagTree: Construct from data asset -  0.000 s
[2024.03.08-12.00.42:437][  0]LogStats: UGameplayTagsManager::ConstructGameplayTagTree: GameplayTagTreeChangedEvent.Broadcast -  0.000 s
[2024.03.08-12.00.42:895][  0]LogAIModule: Creating AISystem for world Untitled
[2024.03.08-12.00.42:934][  0]LogInit: XAudio2 using 'EPSON PJ (Áudio Intel(R) para telas)' : 2 channels at 48 kHz using 16 bits per sample (channel mask 0x3)
[2024.03.08-12.00.42:969][  0]LogInit: FAudioDevice initialized.
[2024.03.08-12.00.43:179][  0]LogDerivedDataCache: Saved boot cache 0.21s 93MB C:/Users/SuperGeeks/AppData/Local/UnrealEngine/4.17/DerivedDataCache/Boot.ddc.
[2024.03.08-12.00.43:195][  0]LogInit: Texture streaming: Enabled
[2024.03.08-12.00.43:722][  0]LogEngineSessionManager: EngineSessionManager initialized
[2024.03.08-12.00.44:688][  0]LogInit: Transaction tracking system initialized
[2024.03.08-12.00.45:713][  0]BlueprintLog: New page: Carregar Editor
[2024.03.08-12.00.48:976][  0]LocalizationService: Localization service is disabled
[2024.03.08-12.00.51:767][  0]LogConsoleResponse: Display: 
[2024.03.08-12.00.53:417][  0]LogFileCache: Scanning file cache for directory 'C:/Users/SuperGeeks/Documents/Unreal Projects/GameDoidaoTioDabe/Content/' took 0.13s
[2024.03.08-12.00.53:418][  0]LogCook: Display: Max memory allowance for cook 16384mb min free memory 0mb
[2024.03.08-12.00.53:418][  0]LogCook: Display: Mobile HDR setting 1
[2024.03.08-12.00.53:418][  0]LogGameplayTags: Display: UGameplayTagsManager::DoneAddingNativeTags. DelegateIsBound: 0
[2024.03.08-12.01.00:012][  0]SourceControl: Controle de origem desativado
[2024.03.08-12.01.00:012][  0]Cmd: MAP LOAD FILE="../../../../../../Users/SuperGeeks/Documents/Unreal Projects/GameDoidaoTioDabe/Content/StarterContent/Maps/Minimal_Default.umap" TEMPLATE=0 SHOWPROGRESS=1 FEATURELEVEL=3
[2024.03.08-12.01.00:061][  0]LightingResults: New page: Compilação de Iluminação
[2024.03.08-12.01.00:217][  0]MapCheck: New page: Verificação de Mapa
[2024.03.08-12.01.00:217][  0]LightingResults: New page: Compilação de Iluminação
[2024.03.08-12.01.03:999][  0]LogAIModule: Creating AISystem for world Minimal_Default
[2024.03.08-12.01.04:794][  0]LogEditorServer: Finished looking for orphan Actors (0.000 secs)
[2024.03.08-12.01.04:889][  0]Cmd: MAP CHECKDEP NOCLEARLOG
[2024.03.08-12.01.04:974][  0]MapCheck: Map check complete: 0 Error(s), 0 Warning(s), took 85,644ms to complete.
[2024.03.08-12.01.04:975][  0]LogFileHelpers: Loading map 'Minimal_Default' took 4.963
[2024.03.08-12.01.09:243][  0]LogCollectionManager: Loaded 0 collections in 0.014576 seconds
[2024.03.08-12.01.09:504][  0]LogFileCache: Scanning file cache for directory 'C:/Users/SuperGeeks/Documents/Unreal Projects/GameDoidaoTioDabe/Saved/Collections/' took 0.01s
[2024.03.08-12.01.09:504][  0]LogFileCache: Scanning file cache for directory 'C:/Users/SuperGeeks/Documents/Unreal Projects/GameDoidaoTioDabe/Content/Developers/SuperGeeks/Collections/' took 0.01s
[2024.03.08-12.01.09:504][  0]LogFileCache: Scanning file cache for directory 'C:/Users/SuperGeeks/Documents/Unreal Projects/GameDoidaoTioDabe/Content/Collections/' took 0.01s
[2024.03.08-12.01.09:504][  0]LogCollectionManager: Rebuilt the GUID cache for 0 collections in 0.000000 seconds
[2024.03.08-12.01.09:517][  0]LogContentBrowser: Native class hierarchy populated in 0.0107 seconds. Added 2386 classes and 500 folders.
[2024.03.08-12.01.10:288][  0]LogContentBrowser: Native class hierarchy updated for 'WidgetCarousel' in 0.0008 seconds. Added 0 classes and 0 folders.
[2024.03.08-12.01.17:863][  0]LogContentBrowser: Native class hierarchy updated for 'AddContentDialog' in 0.0009 seconds. Added 0 classes and 0 folders.
[2024.03.08-12.01.18:236][  0]LogContentBrowser: Native class hierarchy updated for 'SceneOutliner' in 0.0009 seconds. Added 1 classes and 2 folders.
[2024.03.08-12.01.19:593][  0]LogSlate: Took 0.228827 seconds to synchronously load lazily loaded font '../../../Engine/Content/Slate/Fonts/Roboto-Regular.ttf' (155K)
[2024.03.08-12.01.19:638][  0]LogSlate: Took 0.016068 seconds to synchronously load lazily loaded font '../../../Engine/Content/Slate/Fonts/Roboto-Bold.ttf' (160K)
[2024.03.08-12.01.19:771][  0]LogSlate: Took 0.022130 seconds to synchronously load lazily loaded font '../../../Engine/Content/Editor/Slate/Fonts/FontAwesome.ttf' (139K)
[2024.03.08-12.01.20:697][  0]LogRenderer: Reallocating scene render targets to support 908x540 Format 9 NumSamples 1 (Frame:1).
[2024.03.08-12.01.22:959][  0]LogContentBrowser: Native class hierarchy updated for 'HierarchicalLODOutliner' in 0.0010 seconds. Added 1 classes and 2 folders.
[2024.03.08-12.01.22:960][  0]LogLoad: (Engine Initialization) Total time: 165.31 seconds
[2024.03.08-12.01.22:960][  0]LogLoad: (Engine Initialization) Total Blueprint compile time: 0.00 seconds
[2024.03.08-12.01.22:961][  0]LogExternalProfiler: No external profilers were discovered.  External profiling features will not be available.
[2024.03.08-12.01.23:446][  0]LogContentStreaming: Texture pool size now 600 MB
[2024.03.08-12.01.24:729][  4]LogAssetRegistry: Asset discovery search completed in 94.0371 seconds
[2024.03.08-12.01.24:732][  4]LogCollectionManager: Rebuilt the object cache for 0 collections in 0.000000 seconds (found 0 objects)
[2024.03.08-12.01.24:732][  4]LogCollectionManager: Fixed up redirectors for 0 collections in 0.000064 seconds (updated 0 objects)
[2024.03.08-12.27.42:812][722]LogAudio: Warning: Current Audio Device with ID {0.0.0.00000000}.{48aeb861-a284-454b-9e95-6c24955f1ab8} was removed. Shutting down audio device.
[2024.03.08-16.24.10:116][165]LogWindowsTextInputMethodSystem: Display: IME system now deactivated.
[2024.03.08-16.24.25:686][166]Cmd: QUIT_EDITOR
[2024.03.08-16.24.38:403][166]LogExit: Preparing to exit.
[2024.03.08-16.25.06:310][166]LogDirectoryWatcher: A directory notification for 'C:/Users/SuperGeeks/Documents/Unreal Projects/GameDoidaoTioDabe/Content/' was aborted.
[2024.03.08-16.25.12:256][166]LogExit: Editor shut down
[2024.03.08-16.25.13:569][166]LogExit: Transaction tracking system shut down
[2024.03.08-16.25.17:537][166]LogDirectoryWatcher: A directory notification for '../../../Engine/Content/' was aborted.
[2024.03.08-16.25.17:537][166]LogDirectoryWatcher: A directory notification for '../../../../../../Users/SuperGeeks/Documents/Unreal Projects/GameDoidaoTioDabe/Content/' was aborted.
[2024.03.08-16.25.17:537][166]LogDirectoryWatcher: A directory notification for '../../../Engine/Plugins/2D/Paper2D/Content/' was aborted.
[2024.03.08-16.25.17:538][166]LogDirectoryWatcher: A directory notification for '../../../Engine/Plugins/Runtime/Oculus/OculusVR/Content/' was aborted.
[2024.03.08-16.25.17:538][166]LogDirectoryWatcher: A directory notification for '../../../Engine/Plugins/Runtime/Steam/SteamVR/Content/' was aborted.
[2024.03.08-16.25.32:972][166]LogExit: Object subsystem successfully closed.
[2024.03.08-16.25.37:684][166]LogD3D11RHI: Shutdown
[2024.03.08-16.25.37:684][166]LogD3D11RHI: CleanupD3DDevice
[2024.03.08-16.25.41:628][166]LogD3D11RHI: ~FD3D11DynamicRHI
[2024.03.08-16.25.48:742][166]LogModuleManager: Shutting down and abandoning module HierarchicalLODOutliner (530)
[2024.03.08-16.25.48:742][166]LogModuleManager: Shutting down and abandoning module SceneOutliner (528)
[2024.03.08-16.25.48:765][166]LogModuleManager: Shutting down and abandoning module AddContentDialog (526)
[2024.03.08-16.25.48:847][166]LogDirectoryWatcher: A directory notification for 'C:/Program Files/Unreal/UE_4.17/FeaturePacks/' was aborted.
[2024.03.08-16.25.49:133][166]LogModuleManager: Shutting down and abandoning module WidgetCarousel (525)
[2024.03.08-16.25.49:134][166]LogModuleManager: Shutting down and abandoning module EditorWidgets (522)
[2024.03.08-16.25.49:134][166]LogModuleManager: Shutting down and abandoning module CollectionManager (520)
[2024.03.08-16.25.49:156][166]LogDirectoryWatcher: A directory notification for 'C:/Users/SuperGeeks/Documents/Unreal Projects/GameDoidaoTioDabe/Content/Collections/' was aborted.
[2024.03.08-16.25.49:156][166]LogDirectoryWatcher: A directory notification for 'C:/Users/SuperGeeks/Documents/Unreal Projects/GameDoidaoTioDabe/Content/Developers/SuperGeeks/Collections/' was aborted.
[2024.03.08-16.25.49:156][166]LogDirectoryWatcher: A directory notification for 'C:/Users/SuperGeeks/Documents/Unreal Projects/GameDoidaoTioDabe/Saved/Collections/' was aborted.
[2024.03.08-16.25.49:156][166]LogModuleManager: Shutting down and abandoning module StatsViewer (518)
[2024.03.08-16.25.49:159][166]LogModuleManager: Shutting down and abandoning module FoliageEdit (516)
[2024.03.08-16.25.49:159][166]LogModuleManager: Shutting down and abandoning module LandscapeEditor (514)
[2024.03.08-16.25.49:199][166]LogModuleManager: Shutting down and abandoning module MeshPaintMode (512)
[2024.03.08-16.25.49:199][166]LogModuleManager: Shutting down and abandoning module SceneDepthPickerMode (510)
[2024.03.08-16.25.49:199][166]LogModuleManager: Shutting down and abandoning module ActorPickerMode (508)
[2024.03.08-16.25.49:199][166]LogModuleManager: Shutting down and abandoning module GeometryMode (506)
[2024.03.08-16.25.49:199][166]LogModuleManager: Shutting down and abandoning module TextureAlignMode (504)
[2024.03.08-16.25.49:199][166]LogModuleManager: Shutting down and abandoning module BspMode (502)
[2024.03.08-16.25.49:208][166]LogModuleManager: Shutting down and abandoning module PIEPreviewDeviceProfileSelector (500)
[2024.03.08-16.25.49:216][166]LogModuleManager: Shutting down and abandoning module HardwareSurvey (498)
[2024.03.08-16.25.49:224][166]LogModuleManager: Shutting down and abandoning module SequenceRecorderSections (496)
[2024.03.08-16.25.49:238][166]LogModuleManager: Shutting down and abandoning module AutomationWorker (494)
[2024.03.08-16.25.49:247][166]LogModuleManager: Shutting down and abandoning module MatineeToLevelSequence (492)
[2024.03.08-16.25.49:276][166]LogModuleManager: Shutting down and abandoning module LevelSequenceEditor (490)
[2024.03.08-16.25.49:302][166]LogModuleManager: Shutting down and abandoning module PlacementMode (489)
[2024.03.08-16.25.49:302][166]LogModuleManager: Shutting down and abandoning module WmfMediaFactory (486)
[2024.03.08-16.25.49:302][166]LogModuleManager: Shutting down and abandoning module WmfMediaEditor (484)
[2024.03.08-16.25.49:302][166]LogModuleManager: Shutting down and abandoning module AvfMediaFactory (482)
[2024.03.08-16.25.49:302][166]LogModuleManager: Shutting down and abandoning module AvfMediaEditor (480)
[2024.03.08-16.25.49:302][166]LogModuleManager: Shutting down and abandoning module AndroidMediaFactory (478)
[2024.03.08-16.25.49:302][166]LogModuleManager: Shutting down and abandoning module Media (477)
[2024.03.08-16.25.49:302][166]LogModuleManager: Shutting down and abandoning module AndroidMediaEditor (474)
[2024.03.08-16.25.49:302][166]LogModuleManager: Shutting down and abandoning module CharacterAI (472)
[2024.03.08-16.25.49:302][166]LogModuleManager: Shutting down and abandoning module AudioCapture (470)
[2024.03.08-16.25.49:307][166]LogModuleManager: Shutting down and abandoning module SequenceRecorder (469)
[2024.03.08-16.25.49:317][166]LogModuleManager: Shutting down and abandoning module SmartSnapping (466)
[2024.03.08-16.25.49:318][166]LogModuleManager: Shutting down and abandoning module SessionServices (464)
[2024.03.08-16.25.49:318][166]LogModuleManager: Shutting down and abandoning module ViewportSnapping (462)
[2024.03.08-16.25.49:318][166]LogModuleManager: Shutting down and abandoning module ViewportInteraction (460)
[2024.03.08-16.25.49:326][166]LogModuleManager: Shutting down and abandoning module ClothPainter (458)
[2024.03.08-16.25.49:341][166]LogModuleManager: Shutting down and abandoning module LogVisualizer (456)
[2024.03.08-16.25.49:359][166]LogModuleManager: Shutting down and abandoning module IntroTutorials (454)
[2024.03.08-16.25.49:379][166]LogModuleManager: Shutting down and abandoning module GameProjectGeneration (453)
[2024.03.08-16.25.49:395][166]LogModuleManager: Shutting down and abandoning module IOSPlatformEditor (450)
[2024.03.08-16.25.49:401][166]LogModuleManager: Shutting down and abandoning module HTML5PlatformEditor (448)
[2024.03.08-16.25.49:401][166]LogModuleManager: Shutting down and abandoning module AndroidPlatformEditor (446)
[2024.03.08-16.25.49:401][166]LogModuleManager: Shutting down and abandoning module AndroidDeviceDetection (445)
[2024.03.08-16.25.49:415][166]LogModuleManager: Shutting down and abandoning module WindowsPlatformEditor (442)
[2024.03.08-16.25.49:415][166]LogModuleManager: Shutting down and abandoning module IOSRuntimeSettings (440)
[2024.03.08-16.25.49:415][166]LogModuleManager: Shutting down and abandoning module AndroidRuntimeSettings (438)
[2024.03.08-16.25.49:415][166]LogModuleManager: Shutting down and abandoning module InputBindingEditor (436)
[2024.03.08-16.25.49:424][166]LogModuleManager: Shutting down and abandoning module MergeActors (434)
[2024.03.08-16.25.49:432][166]LogModuleManager: Shutting down and abandoning module SizeMap (432)
[2024.03.08-16.25.49:447][166]LogModuleManager: Shutting down and abandoning module TreeMap (430)
[2024.03.08-16.25.49:463][166]LogModuleManager: Shutting down and abandoning module ReferenceViewer (428)
[2024.03.08-16.25.49:468][166]LogModuleManager: Shutting down and abandoning module LocalizationDashboard (426)
[2024.03.08-16.25.49:485][166]LogModuleManager: Shutting down and abandoning module LocalizationService (425)
[2024.03.08-16.25.49:487][166]LogModuleManager: Shutting down and abandoning module HardwareTargeting (422)
[2024.03.08-16.25.49:487][166]LogModuleManager: Shutting down and abandoning module DeviceProfileEditor (420)
[2024.03.08-16.25.49:493][166]LogModuleManager: Shutting down and abandoning module UndoHistory (418)
[2024.03.08-16.25.49:496][166]LogModuleManager: Shutting down and abandoning module XmlParser (416)
[2024.03.08-16.25.49:508][166]LogModuleManager: Shutting down and abandoning module Blutility (414)
[2024.03.08-16.25.49:508][166]LogModuleManager: Shutting down and abandoning module ProjectSettingsViewer (412)
[2024.03.08-16.25.49:508][166]LogModuleManager: Shutting down and abandoning module ProjectTargetPlatformEditor (411)
[2024.03.08-16.25.49:535][166]LogModuleManager: Shutting down and abandoning module EditorSettingsViewer (408)
[2024.03.08-16.25.49:536][166]LogModuleManager: Shutting down and abandoning module SettingsEditor (406)
[2024.03.08-16.25.49:555][166]LogModuleManager: Shutting down and abandoning module ProjectLauncher (404)
[2024.03.08-16.25.49:568][166]LogModuleManager: Shutting down and abandoning module SessionFrontend (402)
[2024.03.08-16.25.49:568][166]LogModuleManager: Shutting down and abandoning module ProfilerClient (400)
[2024.03.08-16.25.49:583][166]LogModuleManager: Shutting down and abandoning module DeviceManager (398)
[2024.03.08-16.25.49:602][166]LogModuleManager: Shutting down and abandoning module TargetDeviceServices (397)
[2024.03.08-16.25.49:692][166]LogModuleManager: Shutting down and abandoning module AutomationController (394)
[2024.03.08-16.25.49:742][166]LogModuleManager: Shutting down and abandoning module AutomationWindow (392)
[2024.03.08-16.25.49:750][166]LogModuleManager: Shutting down and abandoning module Layers (390)
[2024.03.08-16.25.49:756][166]LogModuleManager: Shutting down and abandoning module ComponentVisualizers (388)
[2024.03.08-16.25.49:756][166]LogModuleManager: Shutting down and abandoning module DetailCustomizations (386)
[2024.03.08-16.25.49:790][166]LogModuleManager: Shutting down and abandoning module PackagesDialog (384)
[2024.03.08-16.25.49:790][166]LogModuleManager: Shutting down and abandoning module Persona (382)
[2024.03.08-16.25.49:814][166]LogModuleManager: Shutting down and abandoning module AdvancedPreviewScene (381)
[2024.03.08-16.25.49:815][166]LogModuleManager: Shutting down and abandoning module AnimGraph (379)
[2024.03.08-16.25.49:815][166]LogModuleManager: Shutting down and abandoning module Kismet (376)
[2024.03.08-16.25.49:830][166]LogModuleManager: Shutting down and abandoning module ClassViewer (374)
[2024.03.08-16.25.49:857][166]LogModuleManager: Shutting down and abandoning module Toolbox (372)
[2024.03.08-16.25.49:857][166]LogModuleManager: Shutting down and abandoning module ModuleUI (370)
[2024.03.08-16.25.49:861][166]LogModuleManager: Shutting down and abandoning module MovieSceneTools (368)
[2024.03.08-16.25.49:900][166]LogModuleManager: Shutting down and abandoning module OutputLog (366)
[2024.03.08-16.25.49:900][166]LogModuleManager: Shutting down and abandoning module GammaUI (364)
[2024.03.08-16.25.49:908][166]LogModuleManager: Shutting down and abandoning module Documentation (362)
[2024.03.08-16.25.49:954][166]LogModuleManager: Shutting down and abandoning module MovieSceneTracks (360)
[2024.03.08-16.25.49:954][166]LogModuleManager: Shutting down and abandoning module MovieScene (358)
[2024.03.08-16.25.49:954][166]LogModuleManager: Shutting down and abandoning module Niagara (356)
[2024.03.08-16.25.49:954][166]LogModuleManager: Shutting down and abandoning module NiagaraEditor (355)
[2024.03.08-16.25.49:965][166]LogModuleManager: Shutting down and abandoning module StreamingPauseRendering (352)
[2024.03.08-16.25.49:965][166]LogModuleManager: Shutting down and abandoning module LauncherPlatform (350)
[2024.03.08-16.25.49:965][166]LogModuleManager: Shutting down and abandoning module AnalyticsET (348)
[2024.03.08-16.25.49:965][166]LogModuleManager: Shutting down and abandoning module PortalServices (346)
[2024.03.08-16.25.49:965][166]LogModuleManager: Shutting down and abandoning module PortalRpc (344)
[2024.03.08-16.25.49:965][166]LogModuleManager: Shutting down and abandoning module MessagingRpc (342)
[2024.03.08-16.25.49:965][166]LogModuleManager: Shutting down and abandoning module AIModule (340)
[2024.03.08-16.25.49:971][166]LogModuleManager: Shutting down and abandoning module GameplayDebugger (339)
[2024.03.08-16.25.49:972][166]LogModuleManager: Shutting down and abandoning module AITestSuite (337)
[2024.03.08-16.25.49:983][166]LogModuleManager: Shutting down and abandoning module ProfilerService (334)
[2024.03.08-16.25.50:120][166]LogModuleManager: Shutting down and abandoning module TaskGraph (332)
[2024.03.08-16.25.50:150][166]LogModuleManager: Shutting down and abandoning module SteamVRController (330)
[2024.03.08-16.25.50:150][166]LogModuleManager: Shutting down and abandoning module ProceduralMeshComponentEditor (328)
[2024.03.08-16.25.50:150][166]LogModuleManager: Shutting down and abandoning module ProceduralMeshComponent (326)
[2024.03.08-16.25.50:150][166]LogModuleManager: Shutting down and abandoning module OculusInput (324)
[2024.03.08-16.25.50:150][166]LogModuleManager: Shutting down and abandoning module MobilePatchingUtils (322)
[2024.03.08-16.25.50:150][166]LogModuleManager: Shutting down and abandoning module CustomMeshComponent (320)
[2024.03.08-16.25.50:150][166]LogModuleManager: Shutting down and abandoning module CableComponent (318)
[2024.03.08-16.25.50:150][166]LogModuleManager: Shutting down and abandoning module ArchVisCharacter (316)
[2024.03.08-16.25.50:150][166]LogModuleManager: Shutting down and abandoning module AndroidPermission (314)
[2024.03.08-16.25.50:150][166]LogModuleManager: Shutting down and abandoning module MediaPlayerEditor (310)
[2024.03.08-16.25.50:174][166]LogModuleManager: Shutting down and abandoning module HTML5Networking (308)
[2024.03.08-16.25.50:174][166]LogModuleManager: Shutting down and abandoning module AlembicImporter (306)
[2024.03.08-16.25.50:177][166]LogModuleManager: Shutting down and abandoning module AlembicLibrary (305)
[2024.03.08-16.25.50:180][166]LogModuleManager: Shutting down and abandoning module GeometryCache (304)
[2024.03.08-16.25.50:180][166]LogModuleManager: Shutting down and abandoning module GeometryCacheEd (303)
[2024.03.08-16.25.50:180][166]LogModuleManager: Shutting down and abandoning module SpeedTreeImporter (298)
[2024.03.08-16.25.50:180][166]LogModuleManager: Shutting down and abandoning module PluginBrowser (296)
[2024.03.08-16.25.50:188][166]LogModuleManager: Shutting down and abandoning module MobileLauncherProfileWizard (294)
[2024.03.08-16.25.50:197][166]LogModuleManager: Shutting down and abandoning module VisualStudioSourceCodeAccess (292)
[2024.03.08-16.25.50:201][166]LogModuleManager: Shutting down and abandoning module DesktopPlatform (291)
[2024.03.08-16.25.50:205][166]LogModuleManager: Shutting down and abandoning module UObjectPlugin (288)
[2024.03.08-16.25.50:205][166]LogModuleManager: Shutting down and abandoning module SubversionSourceControl (286)
[2024.03.08-16.25.50:216][166]LogModuleManager: Shutting down and abandoning module PerforceSourceControl (284)
[2024.03.08-16.25.50:232][166]LogModuleManager: Shutting down and abandoning module GitSourceControl (282)
[2024.03.08-16.25.50:236][166]LogModuleManager: Shutting down and abandoning module SourceControl (281)
[2024.03.08-16.25.50:242][166]LogModuleManager: Shutting down and abandoning module LightPropagationVolumeEditor (278)
[2024.03.08-16.25.50:242][166]LogModuleManager: Shutting down and abandoning module PaperTiledImporter (276)
[2024.03.08-16.25.50:242][166]LogModuleManager: Shutting down and abandoning module PaperSpriteSheetImporter (274)
[2024.03.08-16.25.50:242][166]LogModuleManager: Shutting down and abandoning module Paper2DEditor (272)
[2024.03.08-16.25.50:256][166]LogModuleManager: Shutting down and abandoning module MeshPaint (271)
[2024.03.08-16.25.50:265][166]LogModuleManager: Shutting down and abandoning module LevelEditor (269)
[2024.03.08-16.25.50:440][166]LogModuleManager: Shutting down and abandoning module PixelInspectorModule (268)
[2024.03.08-16.25.50:958][166]LogModuleManager: Shutting down and abandoning module MainFrame (266)
[2024.03.08-16.25.50:979][166]LogModuleManager: Shutting down and abandoning module HotReload (265)
[2024.03.08-16.25.51:082][166]LogModuleManager: Shutting down and abandoning module RuntimePhysXCooking (260)
[2024.03.08-16.25.51:082][166]LogModuleManager: Shutting down and abandoning module PhysXVehiclesEditor (258)
[2024.03.08-16.25.51:093][166]LogModuleManager: Shutting down and abandoning module PhysXVehicles (256)
[2024.03.08-16.25.51:093][166]LogModuleManager: Shutting down and abandoning module OculusEditor (254)
[2024.03.08-16.25.51:093][166]LogModuleManager: Shutting down and abandoning module LocationServicesBPLibrary (252)
[2024.03.08-16.25.51:093][166]LogModuleManager: Shutting down and abandoning module ImmediatePhysicsEditor (250)
[2024.03.08-16.25.51:093][166]LogModuleManager: Shutting down and abandoning module ImmediatePhysics (248)
[2024.03.08-16.25.51:093][166]LogModuleManager: Shutting down and abandoning module UdpMessaging (246)
[2024.03.08-16.25.51:202][166]LogModuleManager: Shutting down and abandoning module TcpMessaging (244)
[2024.03.08-16.25.51:303][166]LogModuleManager: Shutting down and abandoning module GameplayTagsEditor (242)
[2024.03.08-16.25.51:332][166]LogModuleManager: Shutting down and abandoning module FacialAnimationEditor (240)
[2024.03.08-16.25.51:334][166]LogModuleManager: Shutting down and abandoning module FacialAnimation (238)
[2024.03.08-16.25.51:334][166]LogModuleManager: Shutting down and abandoning module AssetManagerEditor (236)
[2024.03.08-16.25.51:371][166]LogModuleManager: Shutting down and abandoning module GraphEditor (235)
[2024.03.08-16.25.51:409][166]LogModuleManager: Shutting down and abandoning module ContentBrowser (233)
[2024.03.08-16.25.51:442][166]LogModuleManager: Shutting down and abandoning module LightPropagationVolumeRuntime (230)
[2024.03.08-16.25.51:442][166]LogModuleManager: Shutting down and abandoning module Paper2D (228)
[2024.03.08-16.25.51:465][166]LogModuleManager: Shutting down and abandoning module WindowsMoviePlayer (226)
[2024.03.08-16.25.51:472][166]LogModuleManager: Shutting down and abandoning module WmfMedia (224)
[2024.03.08-16.25.51:486][166]LogModuleManager: Shutting down and abandoning module PacketHandler (222)
[2024.03.08-16.25.51:486][166]LogModuleManager: Shutting down and abandoning module ClothingSystemEditor (220)
[2024.03.08-16.25.51:486][166]LogModuleManager: Shutting down and abandoning module ClothingSystemRuntime (218)
[2024.03.08-16.25.52:044][166]LogModuleManager: Shutting down and abandoning module Overlay (216)
[2024.03.08-16.25.52:044][166]LogModuleManager: Shutting down and abandoning module OverlayEditor (215)
[2024.03.08-16.25.52:044][166]LogModuleManager: Shutting down and abandoning module MediaAssets (212)
[2024.03.08-16.25.52:044][166]LogModuleManager: Shutting down and abandoning module VREditor (210)
[2024.03.08-16.25.52:200][166]LogModuleManager: Shutting down and abandoning module StringTableEditor (208)
[2024.03.08-16.25.52:251][166]LogModuleManager: Shutting down and abandoning module GameplayTasksEditor (206)
[2024.03.08-16.25.52:251][166]LogModuleManager: Shutting down and abandoning module BehaviorTreeEditor (204)
[2024.03.08-16.25.52:268][166]LogModuleManager: Shutting down and abandoning module FunctionalTesting (202)
[2024.03.08-16.25.52:275][166]LogModuleManager: Shutting down and abandoning module CollisionAnalyzer (200)
[2024.03.08-16.25.52:295][166]LogModuleManager: Shutting down and abandoning module WorkspaceMenuStructure (199)
[2024.03.08-16.25.52:318][166]LogModuleManager: Shutting down and abandoning module UMG (196)
[2024.03.08-16.25.52:324][166]LogModuleManager: Shutting down and abandoning module UMGEditor (195)
[2024.03.08-16.25.52:353][166]LogModuleManager: Shutting down and abandoning module Sequencer (194)
[2024.03.08-16.25.52:363][166]LogModuleManager: Shutting down and abandoning module MessageLog (191)
[2024.03.08-16.25.52:369][166]LogModuleManager: Shutting down and abandoning module SlateReflector (186)
[2024.03.08-16.25.52:384][166]LogModuleManager: Shutting down and abandoning module Slate (184)
[2024.03.08-16.25.52:384][166]LogModuleManager: Shutting down and abandoning module EditorStyle (182)
[2024.03.08-16.25.52:552][166]LogModuleManager: Shutting down and abandoning module MRMesh (180)
[2024.03.08-16.25.52:552][166]LogModuleManager: Shutting down and abandoning module SourceCodeAccess (178)
[2024.03.08-16.25.52:557][166]LogModuleManager: Shutting down and abandoning module HeadMountedDisplay (176)
[2024.03.08-16.25.52:557][166]LogModuleManager: Shutting down and abandoning module XAudio2 (174)
[2024.03.08-16.25.52:557][166]LogModuleManager: Shutting down and abandoning module Networking (172)
[2024.03.08-16.25.52:557][166]LogModuleManager: Shutting down and abandoning module Core (168)
[2024.03.08-16.25.52:557][166]LogModuleManager: Shutting down and abandoning module KismetCompiler (164)
[2024.03.08-16.25.52:564][166]LogModuleManager: Shutting down and abandoning module LevelSequence (162)
[2024.03.08-16.25.52:564][166]LogModuleManager: Shutting down and abandoning module MeshUtilities (160)
[2024.03.08-16.25.52:584][166]LogModuleManager: Shutting down and abandoning module MeshMergeUtilities (159)
[2024.03.08-16.25.52:587][166]LogModuleManager: Shutting down and abandoning module MeshReductionInterface (158)
[2024.03.08-16.25.52:587][166]LogModuleManager: Shutting down and abandoning module SimplygonSwarm (157)
[2024.03.08-16.25.52:603][166]LogModuleManager: Shutting down and abandoning module SimplygonMeshReduction (155)
[2024.03.08-16.25.52:609][166]LogModuleManager: Shutting down and abandoning module QuadricMeshReduction (153)
[2024.03.08-16.25.52:614][166]LogModuleManager: Shutting down and abandoning module MaterialBaking (149)
[2024.03.08-16.25.52:623][166]LogModuleManager: Shutting down and abandoning module DirectoryWatcher (146)
[2024.03.08-16.25.52:653][166]LogModuleManager: Shutting down and abandoning module DerivedDataCache (144)
[2024.03.08-16.25.52:819][166]LogDerivedDataCache: Shutdown
[2024.03.08-16.25.52:819][166]LogModuleManager: Shutting down and abandoning module TargetPlatform (142)
[2024.03.08-16.25.52:820][166]LogModuleManager: Shutting down and abandoning module VulkanShaderFormat (141)
[2024.03.08-16.25.52:828][166]LogModuleManager: Shutting down and abandoning module ShaderFormatVectorVM (139)
[2024.03.08-16.25.52:843][166]LogModuleManager: Shutting down and abandoning module ShaderFormatOpenGL (137)
[2024.03.08-16.25.52:858][166]LogModuleManager: Shutting down and abandoning module ShaderFormatD3D (135)
[2024.03.08-16.25.52:864][166]LogModuleManager: Shutting down and abandoning module MetalShaderFormat (133)
[2024.03.08-16.25.52:871][166]LogModuleManager: Shutting down and abandoning module TextureFormatUncompressed (131)
[2024.03.08-16.25.52:882][166]LogModuleManager: Shutting down and abandoning module TextureFormatPVR (129)
[2024.03.08-16.25.52:882][166]LogModuleManager: Shutting down and abandoning module TextureFormatDXT (127)
[2024.03.08-16.25.52:882][166]LogModuleManager: Shutting down and abandoning module TextureFormatIntelISPCTexComp (125)
[2024.03.08-16.25.52:977][166]LogModuleManager: Shutting down and abandoning module TextureFormatASTC (123)
[2024.03.08-16.25.52:977][166]LogModuleManager: Shutting down and abandoning module ImageWrapper (122)
[2024.03.08-16.25.52:977][166]LogModuleManager: Shutting down and abandoning module TextureFormatAndroid (119)
[2024.03.08-16.25.52:977][166]LogModuleManager: Shutting down and abandoning module AudioFormatOpus (117)
[2024.03.08-16.25.52:977][166]LogModuleManager: Shutting down and abandoning module AudioFormatOgg (115)
[2024.03.08-16.25.52:977][166]LogModuleManager: Shutting down and abandoning module AudioFormatADPCM (113)
[2024.03.08-16.25.52:977][166]LogModuleManager: Shutting down and abandoning module LinuxTargetPlatform (111)
[2024.03.08-16.25.52:977][166]LogModuleManager: Shutting down and abandoning module LinuxServerTargetPlatform (109)
[2024.03.08-16.25.52:977][166]LogModuleManager: Shutting down and abandoning module LinuxNoEditorTargetPlatform (107)
[2024.03.08-16.25.52:978][166]LogModuleManager: Shutting down and abandoning module LinuxClientTargetPlatform (105)
[2024.03.08-16.25.52:978][166]LogModuleManager: Shutting down and abandoning module TVOSTargetPlatform (103)
[2024.03.08-16.25.52:978][166]LogModuleManager: Shutting down and abandoning module Messaging (101)
[2024.03.08-16.25.52:992][166]LogModuleManager: Shutting down and abandoning module IOSTargetPlatform (99)
[2024.03.08-16.25.52:992][166]LogModuleManager: Shutting down and abandoning module HTML5TargetPlatform (97)
[2024.03.08-16.25.52:992][166]LogModuleManager: Shutting down and abandoning module Android_PVRTCTargetPlatform (95)
[2024.03.08-16.25.52:992][166]LogModuleManager: Shutting down and abandoning module Android_MultiTargetPlatform (93)
[2024.03.08-16.25.52:992][166]LogModuleManager: Shutting down and abandoning module Android_ETC2TargetPlatform (91)
[2024.03.08-16.25.52:992][166]LogModuleManager: Shutting down and abandoning module Android_ETC1TargetPlatform (89)
[2024.03.08-16.25.52:992][166]LogModuleManager: Shutting down and abandoning module Android_DXTTargetPlatform (87)
[2024.03.08-16.25.52:992][166]LogModuleManager: Shutting down and abandoning module Android_ATCTargetPlatform (85)
[2024.03.08-16.25.52:992][166]LogModuleManager: Shutting down and abandoning module Android_ASTCTargetPlatform (83)
[2024.03.08-16.25.53:004][166]LogModuleManager: Shutting down and abandoning module AndroidTargetPlatform (81)
[2024.03.08-16.25.53:004][166]LogModuleManager: Shutting down and abandoning module WindowsTargetPlatform (79)
[2024.03.08-16.25.53:004][166]LogModuleManager: Shutting down and abandoning module WindowsServerTargetPlatform (77)
[2024.03.08-16.25.53:028][166]LogModuleManager: Shutting down and abandoning module WindowsNoEditorTargetPlatform (75)
[2024.03.08-16.25.53:036][166]LogModuleManager: Shutting down and abandoning module WindowsClientTargetPlatform (73)
[2024.03.08-16.25.53:036][166]LogModuleManager: Shutting down and abandoning module MacTargetPlatform (71)
[2024.03.08-16.25.53:036][166]LogModuleManager: Shutting down and abandoning module MacServerTargetPlatform (69)
[2024.03.08-16.25.53:043][166]LogModuleManager: Shutting down and abandoning module MacNoEditorTargetPlatform (67)
[2024.03.08-16.25.53:049][166]LogModuleManager: Shutting down and abandoning module MacClientTargetPlatform (65)
[2024.03.08-16.25.53:049][166]LogModuleManager: Shutting down and abandoning module AllDesktopTargetPlatform (63)
[2024.03.08-16.25.53:049][166]LogModuleManager: Shutting down and abandoning module InputCore (60)
[2024.03.08-16.25.53:052][166]LogModuleManager: Shutting down and abandoning module Settings (58)
[2024.03.08-16.25.53:053][166]LogModuleManager: Shutting down and abandoning module PhysXCooking (56)
[2024.03.08-16.25.53:053][166]LogModuleManager: Shutting down and abandoning module SteamVR (54)
[2024.03.08-16.25.53:053][166]LogModuleManager: Shutting down and abandoning module OculusHMD (52)
[2024.03.08-16.25.53:056][166]LogModuleManager: Shutting down and abandoning module ExampleDeviceProfileSelector (50)
[2024.03.08-16.25.53:057][166]LogModuleManager: Shutting down and abandoning module OnlineBlueprintSupport (48)
[2024.03.08-16.25.53:057][166]LogModuleManager: Shutting down and abandoning module OnlineSubsystem (44)
[2024.03.08-16.25.53:062][166]LogOnline: Display: Unloading online subsystem: NULL
[2024.03.08-16.25.53:081][166]LogModuleManager: Shutting down and abandoning module XMPP (43)
[2024.03.08-16.25.53:102][166]LogModuleManager: Shutting down and abandoning module HTTP (41)
[2024.03.08-16.25.53:111][166]LogHttp: Display: Http module shutting down, but needs to wait on 1 outstanding Http requests:
[2024.03.08-16.25.53:119][166]LogHttp: Display: 	verb=[POST] url=[https://datarouter.ol.epicgames.com/datarouter/api/v1/public/data?SessionID=%7B34FC8A10-4AF5-533D-141D-BE96252689FD%7D&AppID=UEEditor.Rocket.Release&AppVersion=4.17.2-3658906%2B%2B%2BUE4%2BRelease-4.17&UserID=296b195145150f9e59ba46b0ecb80ab6%7C31497a5ff1634cefa30fe52f15b3911e%7Caedc418a-c554-4ca2-910e-895e78304583&AppEnvironment=datacollector-binary&UploadType=eteventstream] status=Processing
[2024.03.08-16.25.53:166][166]LogModuleManager: Shutting down and abandoning module SSL (40)
[2024.03.08-16.25.53:219][166]LogModuleManager: Shutting down and abandoning module AnimationModifiers (36)
[2024.03.08-16.25.53:248][166]LogModuleManager: Shutting down and abandoning module PropertyEditor (35)
[2024.03.08-16.25.53:301][166]LogModuleManager: Shutting down and abandoning module AudioEditor (32)
[2024.03.08-16.25.53:305][166]LogModuleManager: Shutting down and abandoning module TextureCompressor (30)
[2024.03.08-16.25.53:363][166]LogModuleManager: Shutting down and abandoning module ShaderCore (28)
[2024.03.08-16.25.53:363][166]LogModuleManager: Shutting down and abandoning module Landscape (26)
[2024.03.08-16.25.53:366][166]LogModuleManager: Shutting down and abandoning module SlateRHIRenderer (24)
[2024.03.08-16.25.53:623][166]LogModuleManager: Shutting down and abandoning module OpenGLDrv (22)
[2024.03.08-16.25.53:644][166]LogModuleManager: Shutting down and abandoning module D3D11RHI (20)
[2024.03.08-16.25.53:644][166]LogModuleManager: Shutting down and abandoning module AnimGraphRuntime (18)
[2024.03.08-16.25.53:644][166]LogModuleManager: Shutting down and abandoning module Renderer (16)
[2024.03.08-16.25.53:644][166]LogModuleManager: Shutting down and abandoning module Engine (14)
[2024.03.08-16.25.53:644][166]LogModuleManager: Shutting down and abandoning module CoreUObject (12)
[2024.03.08-16.25.53:649][166]LogModuleManager: Shutting down and abandoning module NetworkFile (10)
[2024.03.08-16.25.53:654][166]LogModuleManager: Shutting down and abandoning module CookedIterativeFile (8)
[2024.03.08-16.25.53:654][166]LogModuleManager: Shutting down and abandoning module StreamingFile (6)
[2024.03.08-16.25.53:655][166]LogModuleManager: Shutting down and abandoning module SandboxFile (4)
[2024.03.08-16.25.53:655][166]LogModuleManager: Shutting down and abandoning module PakFile (2)
[2024.03.08-16.25.53:692][166]LogExit: Exiting.
[2024.03.08-16.26.06:496][166]Log file closed, 03/08/24 13:26:06
